<?xml version="1.0" encoding="utf-8"?>
<coverage line-rate="0.40299999999999997" branch-rate="0.8434999999999999" version="1.9" timestamp="1780330937" lines-covered="1047" lines-valid="2598" branches-covered="248" branches-valid="294">
  <sources>
    <source>C:\Users\Santiago\Desktop\257405-284038-275635\src\</source>
  </sources>
  <packages>
    <package name="DarkKitchen.BusinessLogic" line-rate="0.9917" branch-rate="0.9769" complexity="157">
      <classes>
        <class name="DarkKitchen.BusinessLogic.Validators.UruguayanPhoneValidator" filename="DarkKitchen.BusinessLogic\Validators\UruguayanPhoneValidator.cs" line-rate="1" branch-rate="1" complexity="7">
          <methods>
            <method name="get_ErrorMessage" signature="()" line-rate="1" branch-rate="1" complexity="1">
              <lines>
                <line number="11" hits="1" branch="False" />
              </lines>
            </method>
            <method name="IsValid" signature="(System.String)" line-rate="1" branch-rate="1" complexity="6">
              <lines>
                <line number="14" hits="16" branch="False" />
                <line number="15" hits="16" branch="True" condition-coverage="100% (2/2)">
                  <conditions>
                    <condition number="8" type="jump" coverage="100%" />
                  </conditions>
                </line>
                <line number="17" hits="16" branch="True" condition-coverage="100% (2/2)">
                  <conditions>
                    <condition number="58" type="jump" coverage="100%" />
                  </conditions>
                </line>
                <line number="18" hits="2" branch="False" />
                <line number="19" hits="2" branch="False" />
                <line number="20" hits="2" branch="False" />
                <line number="22" hits="16" branch="True" condition-coverage="100% (2/2)">
                  <conditions>
                    <condition number="109" type="jump" coverage="100%" />
                  </conditions>
                </line>
                <line number="23" hits="16" branch="False" />
              </lines>
            </method>
          </methods>
          <lines>
            <line number="11" hits="1" branch="False" />
            <line number="14" hits="16" branch="False" />
            <line number="15" hits="16" branch="True" condition-coverage="100% (2/2)">
              <conditions>
                <condition number="8" type="jump" coverage="100%" />
              </conditions>
            </line>
            <line number="17" hits="16" branch="True" condition-coverage="100% (2/2)">
              <conditions>
                <condition number="58" type="jump" coverage="100%" />
              </conditions>
            </line>
            <line number="18" hits="2" branch="False" />
            <line number="19" hits="2" branch="False" />
            <line number="20" hits="2" branch="False" />
            <line number="22" hits="16" branch="True" condition-coverage="100% (2/2)">
              <conditions>
                <condition number="109" type="jump" coverage="100%" />
              </conditions>
            </line>
            <line number="23" hits="16" branch="False" />
          </lines>
        </class>
        <class name="DarkKitchen.BusinessLogic.ShippingCosts.ShippingCost24hsCalculator" filename="DarkKitchen.BusinessLogic\ShippingCosts\ShippingCost24hsCalculator.cs" line-rate="1" branch-rate="1" complexity="2">
          <methods>
            <method name="GetCost" signature="()" line-rate="1" branch-rate="1" complexity="1">
              <lines>
                <line number="9" hits="6" branch="False" />
                <line number="10" hits="6" branch="False" />
                <line number="11" hits="6" branch="False" />
              </lines>
            </method>
            <method name=".ctor" signature="()" line-rate="1" branch-rate="1" complexity="1">
              <lines>
                <line number="7" hits="10" branch="False" />
              </lines>
            </method>
          </methods>
          <lines>
            <line number="9" hits="6" branch="False" />
            <line number="10" hits="6" branch="False" />
            <line number="11" hits="6" branch="False" />
            <line number="7" hits="10" branch="False" />
          </lines>
        </class>
        <class name="DarkKitchen.BusinessLogic.ShippingCosts.ShippingCostCalculatorFactory" filename="DarkKitchen.BusinessLogic\ShippingCosts\ShippingCostCalculatorFactory.cs" line-rate="1" branch-rate="1" complexity="5">
          <methods>
            <method name="GetCalculator" signature="(DarkKitchen.Domain.Enums.DeliveryType)" line-rate="1" branch-rate="1" complexity="4">
              <lines>
                <line number="9" hits="4" branch="False" />
                <line number="10" hits="4" branch="True" condition-coverage="100% (4/4)">
                  <conditions>
                    <condition number="6" type="jump" coverage="100%" />
                    <condition number="12" type="jump" coverage="100%" />
                  </conditions>
                </line>
                <line number="11" hits="4" branch="False" />
                <line number="12" hits="4" branch="False" />
                <line number="13" hits="4" branch="False" />
                <line number="14" hits="3" branch="False" />
                <line number="15" hits="4" branch="False" />
                <line number="16" hits="1" branch="False" />
                <line number="17" hits="4" branch="False" />
                <line number="18" hits="2" branch="False" />
              </lines>
            </method>
            <method name=".ctor" signature="(System.Collections.Generic.IEnumerable`1&lt;DarkKitchen.IBusinessLogic.IShippingCost.IShippingCostCalculator&gt;)" line-rate="1" branch-rate="1" complexity="1">
              <lines>
                <line number="6" hits="5" branch="False" />
              </lines>
            </method>
          </methods>
          <lines>
            <line number="9" hits="4" branch="False" />
            <line number="10" hits="4" branch="True" condition-coverage="100% (4/4)">
              <conditions>
                <condition number="6" type="jump" coverage="100%" />
                <condition number="12" type="jump" coverage="100%" />
              </conditions>
            </line>
            <line number="11" hits="4" branch="False" />
            <line number="12" hits="4" branch="False" />
            <line number="13" hits="4" branch="False" />
            <line number="14" hits="3" branch="False" />
            <line number="15" hits="4" branch="False" />
            <line number="16" hits="1" branch="False" />
            <line number="17" hits="4" branch="False" />
            <line number="18" hits="2" branch="False" />
            <line number="6" hits="5" branch="False" />
          </lines>
        </class>
        <class name="DarkKitchen.BusinessLogic.ShippingCosts.ShippingCostExpressCalculator" filename="DarkKitchen.BusinessLogic\ShippingCosts\ShippingCostExpressCalculator.cs" line-rate="1" branch-rate="1" complexity="2">
          <methods>
            <method name="GetCost" signature="()" line-rate="1" branch-rate="1" complexity="1">
              <lines>
                <line number="9" hits="5" branch="False" />
                <line number="10" hits="5" branch="False" />
                <line number="11" hits="5" branch="False" />
              </lines>
            </method>
            <method name=".ctor" signature="()" line-rate="1" branch-rate="1" complexity="1">
              <lines>
                <line number="7" hits="8" branch="False" />
              </lines>
            </method>
          </methods>
          <lines>
            <line number="9" hits="5" branch="False" />
            <line number="10" hits="5" branch="False" />
            <line number="11" hits="5" branch="False" />
            <line number="7" hits="8" branch="False" />
          </lines>
        </class>
        <class name="DarkKitchen.BusinessLogic.Services.AuthService" filename="DarkKitchen.BusinessLogic\Services\AuthService.cs" line-rate="1" branch-rate="1" complexity="5">
          <methods>
            <method name="Login" signature="(System.String,System.String)" line-rate="1" branch-rate="1" complexity="4">
              <lines>
                <line number="10" hits="3" branch="False" />
                <line number="11" hits="3" branch="False" />
                <line number="12" hits="3" branch="True" condition-coverage="100% (4/4)">
                  <conditions>
                    <condition number="120" type="jump" coverage="100%" />
                    <condition number="139" type="jump" coverage="100%" />
                  </conditions>
                </line>
                <line number="13" hits="2" branch="False" />
                <line number="14" hits="2" branch="False" />
                <line number="17" hits="1" branch="False" />
                <line number="18" hits="1" branch="False" />
              </lines>
            </method>
            <method name=".ctor" signature="(DarkKitchen.IDataAccess.RepositoriesInterfaces.IRepository`1&lt;DarkKitchen.Domain.Entities.User&gt;,DarkKitchen.IBusinessLogic.IServices.ITokenService)" line-rate="1" branch-rate="1" complexity="1">
              <lines>
                <line number="7" hits="3" branch="False" />
              </lines>
            </method>
          </methods>
          <lines>
            <line number="10" hits="3" branch="False" />
            <line number="11" hits="3" branch="False" />
            <line number="12" hits="3" branch="True" condition-coverage="100% (4/4)">
              <conditions>
                <condition number="120" type="jump" coverage="100%" />
                <condition number="139" type="jump" coverage="100%" />
              </conditions>
            </line>
            <line number="13" hits="2" branch="False" />
            <line number="14" hits="2" branch="False" />
            <line number="17" hits="1" branch="False" />
            <line number="18" hits="1" branch="False" />
            <line number="7" hits="3" branch="False" />
          </lines>
        </class>
        <class name="DarkKitchen.BusinessLogic.Services.OrderService" filename="DarkKitchen.BusinessLogic\Services\OrderService.cs" line-rate="0.983" branch-rate="0.975" complexity="46">
          <methods>
            <method name="CreateOrder" signature="(DarkKitchen.IBusinessLogic.DTOs.Entry.OrderDTOs.CreateOrderEntryDto)" line-rate="1" branch-rate="1" complexity="1">
              <lines>
                <line number="23" hits="7" branch="False" />
                <line number="24" hits="7" branch="False" />
                <line number="26" hits="6" branch="False" />
                <line number="27" hits="5" branch="False" />
                <line number="29" hits="5" branch="False" />
                <line number="30" hits="4" branch="False" />
                <line number="31" hits="4" branch="False" />
                <line number="32" hits="4" branch="False" />
                <line number="34" hits="4" branch="False" />
                <line number="35" hits="4" branch="False" />
                <line number="36" hits="8" branch="False" />
                <line number="38" hits="4" branch="False" />
                <line number="39" hits="4" branch="False" />
                <line number="40" hits="4" branch="False" />
                <line number="42" hits="4" branch="False" />
                <line number="43" hits="4" branch="False" />
              </lines>
            </method>
            <method name="UpdateStatus" signature="(System.Int32,DarkKitchen.IBusinessLogic.DTOs.Entry.OrderDTOs.UpdateOrderStatusEntryDto)" line-rate="1" branch-rate="1" complexity="2">
              <lines>
                <line number="46" hits="3" branch="False" />
                <line number="47" hits="3" branch="True" condition-coverage="100% (2/2)">
                  <conditions>
                    <condition number="119" type="jump" coverage="100%" />
                  </conditions>
                </line>
                <line number="48" hits="3" branch="False" />
                <line number="50" hits="2" branch="False" />
                <line number="51" hits="1" branch="False" />
                <line number="53" hits="1" branch="False" />
                <line number="54" hits="1" branch="False" />
              </lines>
            </method>
            <method name="GetClientOrders" signature="(System.Int32,System.Nullable`1&lt;System.DateTime&gt;,System.Nullable`1&lt;System.DateTime&gt;,System.String)" line-rate="1" branch-rate="1" complexity="2">
              <lines>
                <line number="57" hits="3" branch="False" />
                <line number="58" hits="3" branch="True" condition-coverage="100% (2/2)">
                  <conditions>
                    <condition number="14" type="jump" coverage="100%" />
                  </conditions>
                </line>
                <line number="59" hits="2" branch="False" />
                <line number="60" hits="2" branch="False" />
                <line number="61" hits="1" branch="False" />
                <line number="63" hits="2" branch="False" />
                <line number="65" hits="2" branch="False" />
                <line number="66" hits="4" branch="False" />
                <line number="67" hits="2" branch="False" />
              </lines>
            </method>
            <method name="GetDispatcherOrders" signature="(System.DateTime,System.DateTime,System.String,System.String)" line-rate="1" branch-rate="1" complexity="8">
              <lines>
                <line number="70" hits="4" branch="False" />
                <line number="71" hits="4" branch="True" condition-coverage="100% (2/2)">
                  <conditions>
                    <condition number="16" type="jump" coverage="100%" />
                  </conditions>
                </line>
                <line number="72" hits="2" branch="False" />
                <line number="73" hits="2" branch="False" />
                <line number="74" hits="1" branch="False" />
                <line number="76" hits="3" branch="False" />
                <line number="78" hits="6" branch="False" />
                <line number="79" hits="3" branch="False" />
                <line number="81" hits="3" branch="False" />
                <line number="82" hits="15" branch="True" condition-coverage="100% (2/2)">
                  <conditions>
                    <condition number="350" type="jump" coverage="100%" />
                  </conditions>
                </line>
                <line number="83" hits="3" branch="False" />
                <line number="84" hits="5" branch="False" />
                <line number="85" hits="3" branch="True" condition-coverage="100% (4/4)">
                  <conditions>
                    <condition number="310" type="jump" coverage="100%" />
                    <condition number="323" type="jump" coverage="100%" />
                  </conditions>
                </line>
                <line number="86" hits="3" branch="False" />
                <line number="88" hits="3" branch="False" />
                <line number="89" hits="3" branch="False" />
              </lines>
            </method>
            <method name="GetOrderById" signature="(System.Int32)" line-rate="1" branch-rate="1" complexity="2">
              <lines>
                <line number="92" hits="5" branch="False" />
                <line number="93" hits="5" branch="True" condition-coverage="100% (2/2)">
                  <conditions>
                    <condition number="20" type="jump" coverage="100%" />
                  </conditions>
                </line>
                <line number="94" hits="5" branch="False" />
                <line number="96" hits="4" branch="False" />
                <line number="97" hits="4" branch="False" />
                <line number="99" hits="4" branch="False" />
                <line number="100" hits="4" branch="False" />
                <line number="101" hits="4" branch="False" />
                <line number="103" hits="4" branch="False" />
                <line number="104" hits="4" branch="False" />
                <line number="105" hits="4" branch="False" />
                <line number="106" hits="4" branch="False" />
                <line number="107" hits="4" branch="False" />
                <line number="108" hits="4" branch="False" />
                <line number="109" hits="4" branch="False" />
                <line number="110" hits="4" branch="False" />
                <line number="111" hits="4" branch="False" />
                <line number="112" hits="4" branch="False" />
                <line number="113" hits="4" branch="False" />
              </lines>
            </method>
            <method name="ValidateClientExists" signature="(System.Int32)" line-rate="1" branch-rate="1" complexity="2">
              <lines>
                <line number="116" hits="7" branch="False" />
                <line number="117" hits="7" branch="True" condition-coverage="100% (2/2)">
                  <conditions>
                    <condition number="123" type="jump" coverage="100%" />
                  </conditions>
                </line>
                <line number="118" hits="1" branch="False" />
                <line number="119" hits="1" branch="False" />
                <line number="121" hits="6" branch="False" />
              </lines>
            </method>
            <method name="FetchAndValidateProducts" signature="(System.Collections.Generic.List`1&lt;DarkKitchen.IBusinessLogic.DTOs.Entry.OrderDTOs.OrderProductEntryDto&gt;)" line-rate="1" branch-rate="1" complexity="6">
              <lines>
                <line number="124" hits="6" branch="False" />
                <line number="125" hits="6" branch="False" />
                <line number="126" hits="30" branch="True" condition-coverage="100% (2/2)">
                  <conditions>
                    <condition number="63" type="jump" coverage="100%" />
                  </conditions>
                </line>
                <line number="127" hits="6" branch="False" />
                <line number="128" hits="6" branch="False" />
                <line number="129" hits="6" branch="False" />
                <line number="131" hits="6" branch="False" />
                <line number="133" hits="29" branch="True" condition-coverage="100% (2/2)">
                  <conditions>
                    <condition number="298" type="jump" coverage="100%" />
                  </conditions>
                </line>
                <line number="134" hits="6" branch="False" />
                <line number="135" hits="6" branch="True" condition-coverage="100% (2/2)">
                  <conditions>
                    <condition number="259" type="jump" coverage="100%" />
                  </conditions>
                </line>
                <line number="136" hits="1" branch="False" />
                <line number="137" hits="1" branch="False" />
                <line number="139" hits="5" branch="False" />
                <line number="141" hits="5" branch="False" />
                <line number="142" hits="5" branch="False" />
              </lines>
            </method>
            <method name="BuildOrderProducts" signature="(System.Collections.Generic.List`1&lt;DarkKitchen.IBusinessLogic.DTOs.Entry.OrderDTOs.OrderProductEntryDto&gt;,System.Collections.Generic.List`1&lt;DarkKitchen.Domain.Entities.Product&gt;)" line-rate="0.8823000000000001" branch-rate="0.75" complexity="4">
              <lines>
                <line number="147" hits="5" branch="False" />
                <line number="148" hits="5" branch="False" />
                <line number="149" hits="25" branch="True" condition-coverage="100% (2/2)">
                  <conditions>
                    <condition number="150" type="jump" coverage="100%" />
                  </conditions>
                </line>
                <line number="150" hits="5" branch="False" />
                <line number="151" hits="5" branch="True" condition-coverage="50% (1/2)">
                  <conditions>
                    <condition number="58" type="jump" coverage="50%" />
                  </conditions>
                </line>
                <line number="152" hits="0" branch="False" />
                <line number="153" hits="0" branch="False" />
                <line number="156" hits="10" branch="False" />
                <line number="157" hits="5" branch="False" />
                <line number="158" hits="5" branch="False" />
                <line number="159" hits="5" branch="False" />
                <line number="160" hits="5" branch="False" />
                <line number="161" hits="5" branch="False" />
                <line number="162" hits="5" branch="False" />
                <line number="163" hits="5" branch="False" />
                <line number="165" hits="5" branch="False" />
                <line number="166" hits="5" branch="False" />
              </lines>
            </method>
            <method name="CalculateSubtotal" signature="(System.Collections.Generic.List`1&lt;DarkKitchen.Domain.Entities.OrderProduct&gt;,System.Collections.Generic.List`1&lt;DarkKitchen.Domain.Entities.Promotion&gt;)" line-rate="1" branch-rate="1" complexity="2">
              <lines>
                <line number="171" hits="4" branch="False" />
                <line number="172" hits="4" branch="False" />
                <line number="173" hits="20" branch="True" condition-coverage="100% (2/2)">
                  <conditions>
                    <condition number="79" type="jump" coverage="100%" />
                  </conditions>
                </line>
                <line number="174" hits="4" branch="False" />
                <line number="175" hits="4" branch="False" />
                <line number="176" hits="4" branch="False" />
                <line number="177" hits="4" branch="False" />
                <line number="179" hits="4" branch="False" />
                <line number="180" hits="4" branch="False" />
              </lines>
            </method>
            <method name="GetActivePromotions" signature="()" line-rate="1" branch-rate="1" complexity="1">
              <lines>
                <line number="183" hits="8" branch="False" />
                <line number="184" hits="8" branch="False" />
                <line number="185" hits="8" branch="False" />
                <line number="186" hits="8" branch="False" />
              </lines>
            </method>
            <method name="GetClientName" signature="(System.Int32)" line-rate="1" branch-rate="1" complexity="4">
              <lines>
                <line number="189" hits="6" branch="False" />
                <line number="190" hits="6" branch="False" />
                <line number="191" hits="6" branch="True" condition-coverage="100% (4/4)">
                  <conditions>
                    <condition number="120" type="jump" coverage="100%" />
                    <condition number="132" type="jump" coverage="100%" />
                  </conditions>
                </line>
                <line number="192" hits="6" branch="False" />
              </lines>
            </method>
            <method name="FindBestPromotion" signature="(DarkKitchen.Domain.Entities.Product,System.Collections.Generic.List`1&lt;DarkKitchen.Domain.Entities.Promotion&gt;)" line-rate="1" branch-rate="1" complexity="2">
              <lines>
                <line number="195" hits="4" branch="False" />
                <line number="196" hits="4" branch="False" />
                <line number="197" hits="6" branch="True" condition-coverage="100% (2/2)">
                  <conditions>
                    <condition number="13" type="jump" coverage="100%" />
                  </conditions>
                </line>
                <line number="198" hits="3" branch="False" />
                <line number="199" hits="3" branch="False" />
                <line number="200" hits="4" branch="False" />
                <line number="201" hits="4" branch="False" />
              </lines>
            </method>
            <method name="GenerateUniqueNumber" signature="(System.Func`2&lt;System.Int32,System.Boolean&gt;)" line-rate="1" branch-rate="1" complexity="2">
              <lines>
                <line number="204" hits="4" branch="False" />
                <line number="207" hits="4" branch="False" />
                <line number="208" hits="4" branch="False" />
                <line number="209" hits="4" branch="False" />
                <line number="210" hits="4" branch="True" condition-coverage="100% (2/2)">
                  <conditions>
                    <condition number="33" type="jump" coverage="100%" />
                  </conditions>
                </line>
                <line number="212" hits="4" branch="False" />
                <line number="213" hits="4" branch="False" />
              </lines>
            </method>
            <method name="ToCreateOrderResultExitDto" signature="(DarkKitchen.Domain.Entities.Order)" line-rate="1" branch-rate="1" complexity="1">
              <lines>
                <line number="216" hits="4" branch="False" />
                <line number="217" hits="4" branch="False" />
                <line number="218" hits="4" branch="False" />
                <line number="219" hits="4" branch="False" />
                <line number="220" hits="4" branch="False" />
                <line number="221" hits="4" branch="False" />
                <line number="222" hits="4" branch="False" />
                <line number="223" hits="4" branch="False" />
              </lines>
            </method>
            <method name="ToOrderProductDetail" signature="(DarkKitchen.Domain.Entities.OrderProduct,System.Collections.Generic.List`1&lt;DarkKitchen.Domain.Entities.Promotion&gt;)" line-rate="1" branch-rate="1" complexity="4">
              <lines>
                <line number="228" hits="4" branch="False" />
                <line number="229" hits="4" branch="False" />
                <line number="230" hits="4" branch="False" />
                <line number="232" hits="4" branch="True" condition-coverage="100% (4/4)">
                  <conditions>
                    <condition number="88" type="jump" coverage="100%" />
                    <condition number="107" type="jump" coverage="100%" />
                  </conditions>
                </line>
                <line number="233" hits="4" branch="False" />
                <line number="234" hits="4" branch="False" />
                <line number="235" hits="4" branch="False" />
                <line number="236" hits="4" branch="False" />
                <line number="237" hits="4" branch="False" />
                <line number="238" hits="4" branch="False" />
                <line number="239" hits="4" branch="False" />
                <line number="240" hits="4" branch="False" />
                <line number="241" hits="4" branch="False" />
                <line number="242" hits="4" branch="False" />
              </lines>
            </method>
            <method name="ToOrderSummary" signature="(DarkKitchen.Domain.Entities.Order,System.String)" line-rate="1" branch-rate="1" complexity="1">
              <lines>
                <line number="245" hits="5" branch="False" />
                <line number="246" hits="5" branch="False" />
                <line number="247" hits="5" branch="False" />
                <line number="248" hits="5" branch="False" />
                <line number="249" hits="5" branch="False" />
                <line number="250" hits="5" branch="False" />
                <line number="251" hits="5" branch="False" />
                <line number="252" hits="5" branch="False" />
                <line number="253" hits="5" branch="False" />
                <line number="254" hits="5" branch="False" />
                <line number="255" hits="5" branch="False" />
                <line number="256" hits="5" branch="False" />
              </lines>
            </method>
            <method name=".ctor" signature="(DarkKitchen.IDataAccess.RepositoriesInterfaces.IOrderRepository,DarkKitchen.IDataAccess.RepositoriesInterfaces.IProductRepository,DarkKitchen.IDataAccess.RepositoriesInterfaces.IRepository`1&lt;DarkKitchen.Domain.Entities.User&gt;,DarkKitchen.IBusinessLogic.IShippingCost.IShippingCostCalculatorFactory,DarkKitchen.IDataAccess.RepositoriesInterfaces.IPromotionRepository,DarkKitchen.IBusinessLogic.IDiscounts.IDiscountCalculator)" line-rate="1" branch-rate="1" complexity="1">
              <lines>
                <line number="12" hits="22" branch="False" />
                <line number="13" hits="22" branch="False" />
                <line number="14" hits="22" branch="False" />
                <line number="15" hits="22" branch="False" />
                <line number="16" hits="22" branch="False" />
                <line number="17" hits="22" branch="False" />
                <line number="18" hits="22" branch="False" />
              </lines>
            </method>
            <method name=".cctor" signature="()" line-rate="0" branch-rate="1" complexity="1">
              <lines>
                <line number="20" hits="0" branch="False" />
              </lines>
            </method>
          </methods>
          <lines>
            <line number="23" hits="7" branch="False" />
            <line number="24" hits="7" branch="False" />
            <line number="26" hits="6" branch="False" />
            <line number="27" hits="5" branch="False" />
            <line number="29" hits="5" branch="False" />
            <line number="30" hits="4" branch="False" />
            <line number="31" hits="4" branch="False" />
            <line number="32" hits="4" branch="False" />
            <line number="34" hits="4" branch="False" />
            <line number="35" hits="4" branch="False" />
            <line number="36" hits="8" branch="False" />
            <line number="38" hits="4" branch="False" />
            <line number="39" hits="4" branch="False" />
            <line number="40" hits="4" branch="False" />
            <line number="42" hits="4" branch="False" />
            <line number="43" hits="4" branch="False" />
            <line number="46" hits="3" branch="False" />
            <line number="47" hits="3" branch="True" condition-coverage="100% (2/2)">
              <conditions>
                <condition number="119" type="jump" coverage="100%" />
              </conditions>
            </line>
            <line number="48" hits="3" branch="False" />
            <line number="50" hits="2" branch="False" />
            <line number="51" hits="1" branch="False" />
            <line number="53" hits="1" branch="False" />
            <line number="54" hits="1" branch="False" />
            <line number="57" hits="3" branch="False" />
            <line number="58" hits="3" branch="True" condition-coverage="100% (2/2)">
              <conditions>
                <condition number="14" type="jump" coverage="100%" />
              </conditions>
            </line>
            <line number="59" hits="2" branch="False" />
            <line number="60" hits="2" branch="False" />
            <line number="61" hits="1" branch="False" />
            <line number="63" hits="2" branch="False" />
            <line number="65" hits="2" branch="False" />
            <line number="66" hits="4" branch="False" />
            <line number="67" hits="2" branch="False" />
            <line number="70" hits="4" branch="False" />
            <line number="71" hits="4" branch="True" condition-coverage="100% (2/2)">
              <conditions>
                <condition number="16" type="jump" coverage="100%" />
              </conditions>
            </line>
            <line number="72" hits="2" branch="False" />
            <line number="73" hits="2" branch="False" />
            <line number="74" hits="1" branch="False" />
            <line number="76" hits="3" branch="False" />
            <line number="78" hits="6" branch="False" />
            <line number="79" hits="3" branch="False" />
            <line number="81" hits="3" branch="False" />
            <line number="82" hits="15" branch="True" condition-coverage="100% (2/2)">
              <conditions>
                <condition number="350" type="jump" coverage="100%" />
              </conditions>
            </line>
            <line number="83" hits="3" branch="False" />
            <line number="84" hits="5" branch="False" />
            <line number="85" hits="3" branch="True" condition-coverage="100% (4/4)">
              <conditions>
                <condition number="310" type="jump" coverage="100%" />
                <condition number="323" type="jump" coverage="100%" />
              </conditions>
            </line>
            <line number="86" hits="3" branch="False" />
            <line number="88" hits="3" branch="False" />
            <line number="89" hits="3" branch="False" />
            <line number="92" hits="5" branch="False" />
            <line number="93" hits="5" branch="True" condition-coverage="100% (2/2)">
              <conditions>
                <condition number="20" type="jump" coverage="100%" />
              </conditions>
            </line>
            <line number="94" hits="5" branch="False" />
            <line number="96" hits="4" branch="False" />
            <line number="97" hits="4" branch="False" />
            <line number="99" hits="4" branch="False" />
            <line number="100" hits="4" branch="False" />
            <line number="101" hits="4" branch="False" />
            <line number="103" hits="4" branch="False" />
            <line number="104" hits="4" branch="False" />
            <line number="105" hits="4" branch="False" />
            <line number="106" hits="4" branch="False" />
            <line number="107" hits="4" branch="False" />
            <line number="108" hits="4" branch="False" />
            <line number="109" hits="4" branch="False" />
            <line number="110" hits="4" branch="False" />
            <line number="111" hits="4" branch="False" />
            <line number="112" hits="4" branch="False" />
            <line number="113" hits="4" branch="False" />
            <line number="116" hits="7" branch="False" />
            <line number="117" hits="7" branch="True" condition-coverage="100% (2/2)">
              <conditions>
                <condition number="123" type="jump" coverage="100%" />
              </conditions>
            </line>
            <line number="118" hits="1" branch="False" />
            <line number="119" hits="1" branch="False" />
            <line number="121" hits="6" branch="False" />
            <line number="124" hits="6" branch="False" />
            <line number="125" hits="6" branch="False" />
            <line number="126" hits="30" branch="True" condition-coverage="100% (2/2)">
              <conditions>
                <condition number="63" type="jump" coverage="100%" />
              </conditions>
            </line>
            <line number="127" hits="6" branch="False" />
            <line number="128" hits="6" branch="False" />
            <line number="129" hits="6" branch="False" />
            <line number="131" hits="6" branch="False" />
            <line number="133" hits="29" branch="True" condition-coverage="100% (2/2)">
              <conditions>
                <condition number="298" type="jump" coverage="100%" />
              </conditions>
            </line>
            <line number="134" hits="6" branch="False" />
            <line number="135" hits="6" branch="True" condition-coverage="100% (2/2)">
              <conditions>
                <condition number="259" type="jump" coverage="100%" />
              </conditions>
            </line>
            <line number="136" hits="1" branch="False" />
            <line number="137" hits="1" branch="False" />
            <line number="139" hits="5" branch="False" />
            <line number="141" hits="5" branch="False" />
            <line number="142" hits="5" branch="False" />
            <line number="147" hits="5" branch="False" />
            <line number="148" hits="5" branch="False" />
            <line number="149" hits="25" branch="True" condition-coverage="100% (2/2)">
              <conditions>
                <condition number="150" type="jump" coverage="100%" />
              </conditions>
            </line>
            <line number="150" hits="5" branch="False" />
            <line number="151" hits="5" branch="True" condition-coverage="50% (1/2)">
              <conditions>
                <condition number="58" type="jump" coverage="50%" />
              </conditions>
            </line>
            <line number="152" hits="0" branch="False" />
            <line number="153" hits="0" branch="False" />
            <line number="156" hits="10" branch="False" />
            <line number="157" hits="5" branch="False" />
            <line number="158" hits="5" branch="False" />
            <line number="159" hits="5" branch="False" />
            <line number="160" hits="5" branch="False" />
            <line number="161" hits="5" branch="False" />
            <line number="162" hits="5" branch="False" />
            <line number="163" hits="5" branch="False" />
            <line number="165" hits="5" branch="False" />
            <line number="166" hits="5" branch="False" />
            <line number="171" hits="4" branch="False" />
            <line number="172" hits="4" branch="False" />
            <line number="173" hits="20" branch="True" condition-coverage="100% (2/2)">
              <conditions>
                <condition number="79" type="jump" coverage="100%" />
              </conditions>
            </line>
            <line number="174" hits="4" branch="False" />
            <line number="175" hits="4" branch="False" />
            <line number="176" hits="4" branch="False" />
            <line number="177" hits="4" branch="False" />
            <line number="179" hits="4" branch="False" />
            <line number="180" hits="4" branch="False" />
            <line number="183" hits="8" branch="False" />
            <line number="184" hits="8" branch="False" />
            <line number="185" hits="8" branch="False" />
            <line number="186" hits="8" branch="False" />
            <line number="189" hits="6" branch="False" />
            <line number="190" hits="6" branch="False" />
            <line number="191" hits="6" branch="True" condition-coverage="100% (4/4)">
              <conditions>
                <condition number="120" type="jump" coverage="100%" />
                <condition number="132" type="jump" coverage="100%" />
              </conditions>
            </line>
            <line number="192" hits="6" branch="False" />
            <line number="195" hits="4" branch="False" />
            <line number="196" hits="4" branch="False" />
            <line number="197" hits="6" branch="True" condition-coverage="100% (2/2)">
              <conditions>
                <condition number="13" type="jump" coverage="100%" />
              </conditions>
            </line>
            <line number="198" hits="3" branch="False" />
            <line number="199" hits="3" branch="False" />
            <line number="200" hits="4" branch="False" />
            <line number="201" hits="4" branch="False" />
            <line number="204" hits="4" branch="False" />
            <line number="207" hits="4" branch="False" />
            <line number="208" hits="4" branch="False" />
            <line number="209" hits="4" branch="False" />
            <line number="210" hits="4" branch="True" condition-coverage="100% (2/2)">
              <conditions>
                <condition number="33" type="jump" coverage="100%" />
              </conditions>
            </line>
            <line number="212" hits="4" branch="False" />
            <line number="213" hits="4" branch="False" />
            <line number="216" hits="4" branch="False" />
            <line number="217" hits="4" branch="False" />
            <line number="218" hits="4" branch="False" />
            <line number="219" hits="4" branch="False" />
            <line number="220" hits="4" branch="False" />
            <line number="221" hits="4" branch="False" />
            <line number="222" hits="4" branch="False" />
            <line number="223" hits="4" branch="False" />
            <line number="228" hits="4" branch="False" />
            <line number="229" hits="4" branch="False" />
            <line number="230" hits="4" branch="False" />
            <line number="232" hits="4" branch="True" condition-coverage="100% (4/4)">
              <conditions>
                <condition number="88" type="jump" coverage="100%" />
                <condition number="107" type="jump" coverage="100%" />
              </conditions>
            </line>
            <line number="233" hits="4" branch="False" />
            <line number="234" hits="4" branch="False" />
            <line number="235" hits="4" branch="False" />
            <line number="236" hits="4" branch="False" />
            <line number="237" hits="4" branch="False" />
            <line number="238" hits="4" branch="False" />
            <line number="239" hits="4" branch="False" />
            <line number="240" hits="4" branch="False" />
            <line number="241" hits="4" branch="False" />
            <line number="242" hits="4" branch="False" />
            <line number="245" hits="5" branch="False" />
            <line number="246" hits="5" branch="False" />
            <line number="247" hits="5" branch="False" />
            <line number="248" hits="5" branch="False" />
            <line number="249" hits="5" branch="False" />
            <line number="250" hits="5" branch="False" />
            <line number="251" hits="5" branch="False" />
            <line number="252" hits="5" branch="False" />
            <line number="253" hits="5" branch="False" />
            <line number="254" hits="5" branch="False" />
            <line number="255" hits="5" branch="False" />
            <line number="256" hits="5" branch="False" />
            <line number="12" hits="22" branch="False" />
            <line number="13" hits="22" branch="False" />
            <line number="14" hits="22" branch="False" />
            <line number="15" hits="22" branch="False" />
            <line number="16" hits="22" branch="False" />
            <line number="17" hits="22" branch="False" />
            <line number="18" hits="22" branch="False" />
            <line number="20" hits="0" branch="False" />
          </lines>
        </class>
        <class name="DarkKitchen.BusinessLogic.Services.ProductService" filename="DarkKitchen.BusinessLogic\Services\ProductService.cs" line-rate="1" branch-rate="1" complexity="23">
          <methods>
            <method name="CreateProduct" signature="(DarkKitchen.IBusinessLogic.DTOs.Entry.ProductDTOs.ProductEntryDto)" line-rate="1" branch-rate="1" complexity="1">
              <lines>
                <line number="12" hits="1" branch="False" />
                <line number="13" hits="2" branch="False" />
                <line number="14" hits="1" branch="False" />
                <line number="15" hits="1" branch="False" />
                <line number="17" hits="1" branch="False" />
                <line number="19" hits="1" branch="False" />
                <line number="20" hits="1" branch="False" />
              </lines>
            </method>
            <method name="UpdateProduct" signature="(System.Int32,DarkKitchen.IBusinessLogic.DTOs.Entry.ProductDTOs.ProductEntryDto)" line-rate="1" branch-rate="1" complexity="2">
              <lines>
                <line number="23" hits="2" branch="False" />
                <line number="24" hits="2" branch="True" condition-coverage="100% (2/2)">
                  <conditions>
                    <condition number="119" type="jump" coverage="100%" />
                  </conditions>
                </line>
                <line number="25" hits="2" branch="False" />
                <line number="27" hits="1" branch="False" />
                <line number="29" hits="1" branch="False" />
                <line number="31" hits="1" branch="False" />
                <line number="32" hits="1" branch="False" />
              </lines>
            </method>
            <method name="GetProducts" signature="(System.String,System.Collections.Generic.List`1&lt;System.String&gt;,System.String)" line-rate="1" branch-rate="1" complexity="8">
              <lines>
                <line number="35" hits="7" branch="False" />
                <line number="36" hits="7" branch="True" condition-coverage="100% (2/2)">
                  <conditions>
                    <condition number="63" type="jump" coverage="100%" />
                  </conditions>
                </line>
                <line number="37" hits="11" branch="True" condition-coverage="100% (6/6)">
                  <conditions>
                    <condition number="6" type="jump" coverage="100%" />
                    <condition number="20" type="jump" coverage="100%" />
                    <condition number="34" type="jump" coverage="100%" />
                  </conditions>
                </line>
                <line number="38" hits="11" branch="False" />
                <line number="39" hits="11" branch="False" />
                <line number="40" hits="11" branch="False" />
                <line number="41" hits="7" branch="False" />
                <line number="42" hits="7" branch="False" />
                <line number="43" hits="7" branch="False" />
              </lines>
            </method>
            <method name="MatchesLine" signature="(DarkKitchen.Domain.Entities.Product,System.String)" line-rate="1" branch-rate="1" complexity="2">
              <lines>
                <line number="46" hits="10" branch="True" condition-coverage="100% (2/2)">
                  <conditions>
                    <condition number="6" type="jump" coverage="100%" />
                  </conditions>
                </line>
              </lines>
            </method>
            <method name="MatchesCategory" signature="(DarkKitchen.Domain.Entities.Product,System.Collections.Generic.List`1&lt;System.String&gt;)" line-rate="1" branch-rate="1" complexity="4">
              <lines>
                <line number="49" hits="9" branch="True" condition-coverage="100% (4/4)">
                  <conditions>
                    <condition number="1" type="jump" coverage="100%" />
                    <condition number="9" type="jump" coverage="100%" />
                  </conditions>
                </line>
              </lines>
            </method>
            <method name="MatchesName" signature="(DarkKitchen.Domain.Entities.Product,System.String)" line-rate="1" branch-rate="1" complexity="2">
              <lines>
                <line number="52" hits="8" branch="True" condition-coverage="100% (2/2)">
                  <conditions>
                    <condition number="6" type="jump" coverage="100%" />
                  </conditions>
                </line>
              </lines>
            </method>
            <method name="GenerateUniqueCode" signature="(System.Func`2&lt;System.String,System.Boolean&gt;)" line-rate="1" branch-rate="1" complexity="2">
              <lines>
                <line number="55" hits="1" branch="False" />
                <line number="58" hits="1" branch="False" />
                <line number="59" hits="1" branch="False" />
                <line number="60" hits="1" branch="False" />
                <line number="61" hits="1" branch="True" condition-coverage="100% (2/2)">
                  <conditions>
                    <condition number="53" type="jump" coverage="100%" />
                  </conditions>
                </line>
                <line number="63" hits="1" branch="False" />
                <line number="64" hits="1" branch="False" />
              </lines>
            </method>
            <method name="ToExitDTO" signature="(DarkKitchen.Domain.Entities.Product)" line-rate="1" branch-rate="1" complexity="1">
              <lines>
                <line number="67" hits="9" branch="False" />
                <line number="68" hits="9" branch="False" />
                <line number="69" hits="9" branch="False" />
                <line number="70" hits="9" branch="False" />
                <line number="71" hits="9" branch="False" />
                <line number="72" hits="9" branch="False" />
                <line number="73" hits="9" branch="False" />
                <line number="74" hits="9" branch="False" />
                <line number="75" hits="9" branch="False" />
                <line number="76" hits="9" branch="False" />
                <line number="77" hits="9" branch="False" />
                <line number="78" hits="9" branch="False" />
              </lines>
            </method>
            <method name=".ctor" signature="(DarkKitchen.IDataAccess.RepositoriesInterfaces.IProductRepository)" line-rate="1" branch-rate="1" complexity="1">
              <lines>
                <line number="9" hits="10" branch="False" />
              </lines>
            </method>
          </methods>
          <lines>
            <line number="12" hits="1" branch="False" />
            <line number="13" hits="2" branch="False" />
            <line number="14" hits="1" branch="False" />
            <line number="15" hits="1" branch="False" />
            <line number="17" hits="1" branch="False" />
            <line number="19" hits="1" branch="False" />
            <line number="20" hits="1" branch="False" />
            <line number="23" hits="2" branch="False" />
            <line number="24" hits="2" branch="True" condition-coverage="100% (2/2)">
              <conditions>
                <condition number="119" type="jump" coverage="100%" />
              </conditions>
            </line>
            <line number="25" hits="2" branch="False" />
            <line number="27" hits="1" branch="False" />
            <line number="29" hits="1" branch="False" />
            <line number="31" hits="1" branch="False" />
            <line number="32" hits="1" branch="False" />
            <line number="35" hits="7" branch="False" />
            <line number="36" hits="7" branch="True" condition-coverage="100% (2/2)">
              <conditions>
                <condition number="63" type="jump" coverage="100%" />
              </conditions>
            </line>
            <line number="37" hits="11" branch="True" condition-coverage="100% (6/6)">
              <conditions>
                <condition number="6" type="jump" coverage="100%" />
                <condition number="20" type="jump" coverage="100%" />
                <condition number="34" type="jump" coverage="100%" />
              </conditions>
            </line>
            <line number="38" hits="11" branch="False" />
            <line number="39" hits="11" branch="False" />
            <line number="40" hits="11" branch="False" />
            <line number="41" hits="7" branch="False" />
            <line number="42" hits="7" branch="False" />
            <line number="43" hits="7" branch="False" />
            <line number="46" hits="10" branch="True" condition-coverage="100% (2/2)">
              <conditions>
                <condition number="6" type="jump" coverage="100%" />
              </conditions>
            </line>
            <line number="49" hits="9" branch="True" condition-coverage="100% (4/4)">
              <conditions>
                <condition number="1" type="jump" coverage="100%" />
                <condition number="9" type="jump" coverage="100%" />
              </conditions>
            </line>
            <line number="52" hits="8" branch="True" condition-coverage="100% (2/2)">
              <conditions>
                <condition number="6" type="jump" coverage="100%" />
              </conditions>
            </line>
            <line number="55" hits="1" branch="False" />
            <line number="58" hits="1" branch="False" />
            <line number="59" hits="1" branch="False" />
            <line number="60" hits="1" branch="False" />
            <line number="61" hits="1" branch="True" condition-coverage="100% (2/2)">
              <conditions>
                <condition number="53" type="jump" coverage="100%" />
              </conditions>
            </line>
            <line number="63" hits="1" branch="False" />
            <line number="64" hits="1" branch="False" />
            <line number="67" hits="9" branch="False" />
            <line number="68" hits="9" branch="False" />
            <line number="69" hits="9" branch="False" />
            <line number="70" hits="9" branch="False" />
            <line number="71" hits="9" branch="False" />
            <line number="72" hits="9" branch="False" />
            <line number="73" hits="9" branch="False" />
            <line number="74" hits="9" branch="False" />
            <line number="75" hits="9" branch="False" />
            <line number="76" hits="9" branch="False" />
            <line number="77" hits="9" branch="False" />
            <line number="78" hits="9" branch="False" />
            <line number="9" hits="10" branch="False" />
          </lines>
        </class>
        <class name="DarkKitchen.BusinessLogic.Services.PromotionService" filename="DarkKitchen.BusinessLogic\Services\PromotionService.cs" line-rate="1" branch-rate="0.9229999999999999" complexity="30">
          <methods>
            <method name="CreatePromotion" signature="(DarkKitchen.IBusinessLogic.DTOs.Entry.PromotionDTOs.CreatePromotionEntryDto)" line-rate="1" branch-rate="1" complexity="1">
              <lines>
                <line number="14" hits="1" branch="False" />
                <line number="15" hits="1" branch="False" />
                <line number="17" hits="1" branch="False" />
                <line number="19" hits="1" branch="False" />
                <line number="20" hits="1" branch="False" />
              </lines>
            </method>
            <method name="UpdatePromotion" signature="(DarkKitchen.IBusinessLogic.DTOs.Entry.PromotionDTOs.UpdatePromotionEntryDto)" line-rate="1" branch-rate="1" complexity="2">
              <lines>
                <line number="23" hits="2" branch="False" />
                <line number="24" hits="2" branch="True" condition-coverage="100% (2/2)">
                  <conditions>
                    <condition number="139" type="jump" coverage="100%" />
                  </conditions>
                </line>
                <line number="25" hits="2" branch="False" />
                <line number="27" hits="1" branch="False" />
                <line number="29" hits="1" branch="False" />
                <line number="31" hits="1" branch="False" />
                <line number="32" hits="1" branch="False" />
              </lines>
            </method>
            <method name="AddProduct" signature="(System.Int32,System.String)" line-rate="1" branch-rate="1" complexity="4">
              <lines>
                <line number="35" hits="3" branch="False" />
                <line number="36" hits="3" branch="True" condition-coverage="100% (2/2)">
                  <conditions>
                    <condition number="126" type="jump" coverage="100%" />
                  </conditions>
                </line>
                <line number="37" hits="3" branch="False" />
                <line number="39" hits="2" branch="True" condition-coverage="100% (2/2)">
                  <conditions>
                    <condition number="298" type="jump" coverage="100%" />
                  </conditions>
                </line>
                <line number="40" hits="2" branch="False" />
                <line number="42" hits="1" branch="False" />
                <line number="43" hits="1" branch="False" />
                <line number="44" hits="1" branch="False" />
                <line number="45" hits="1" branch="False" />
              </lines>
            </method>
            <method name="RemoveProduct" signature="(System.Int32,System.String)" line-rate="1" branch-rate="0.75" complexity="4">
              <lines>
                <line number="48" hits="2" branch="False" />
                <line number="49" hits="2" branch="True" condition-coverage="100% (2/2)">
                  <conditions>
                    <condition number="126" type="jump" coverage="100%" />
                  </conditions>
                </line>
                <line number="50" hits="2" branch="False" />
                <line number="52" hits="2" branch="True" condition-coverage="50% (1/2)">
                  <conditions>
                    <condition number="217" type="jump" coverage="50%" />
                  </conditions>
                </line>
                <line number="53" hits="1" branch="False" />
                <line number="55" hits="1" branch="False" />
                <line number="56" hits="1" branch="False" />
                <line number="57" hits="1" branch="False" />
                <line number="58" hits="1" branch="False" />
              </lines>
            </method>
            <method name="GetPromotions" signature="(System.Nullable`1&lt;System.DateOnly&gt;,System.String,System.String)" line-rate="1" branch-rate="1" complexity="6">
              <lines>
                <line number="61" hits="8" branch="False" />
                <line number="62" hits="8" branch="True" condition-coverage="100% (2/2)">
                  <conditions>
                    <condition number="63" type="jump" coverage="100%" />
                  </conditions>
                </line>
                <line number="63" hits="8" branch="True" condition-coverage="100% (4/4)">
                  <conditions>
                    <condition number="12" type="jump" coverage="100%" />
                    <condition number="26" type="jump" coverage="100%" />
                  </conditions>
                </line>
                <line number="64" hits="8" branch="False" />
                <line number="65" hits="8" branch="False" />
                <line number="66" hits="8" branch="False" />
                <line number="67" hits="8" branch="False" />
                <line number="68" hits="8" branch="False" />
              </lines>
            </method>
            <method name="MatchesDate" signature="(DarkKitchen.Domain.Entities.Promotion,System.Nullable`1&lt;System.DateOnly&gt;)" line-rate="1" branch-rate="0.75" complexity="4">
              <lines>
                <line number="71" hits="8" branch="True" condition-coverage="75% (3/4)">
                  <conditions>
                    <condition number="7" type="jump" coverage="100%" />
                    <condition number="27" type="jump" coverage="50%" />
                  </conditions>
                </line>
              </lines>
            </method>
            <method name="HasProductInLine" signature="(DarkKitchen.Domain.Entities.Promotion,System.String)" line-rate="1" branch-rate="1" complexity="2">
              <lines>
                <line number="74" hits="9" branch="True" condition-coverage="100% (2/2)">
                  <conditions>
                    <condition number="24" type="jump" coverage="100%" />
                  </conditions>
                </line>
              </lines>
            </method>
            <method name="HasProductMatching" signature="(DarkKitchen.Domain.Entities.Promotion,System.String)" line-rate="1" branch-rate="1" complexity="4">
              <lines>
                <line number="77" hits="6" branch="True" condition-coverage="100% (2/2)">
                  <conditions>
                    <condition number="24" type="jump" coverage="100%" />
                  </conditions>
                </line>
                <line number="78" hits="9" branch="True" condition-coverage="100% (2/2)">
                  <conditions>
                    <condition number="17" type="jump" coverage="100%" />
                  </conditions>
                </line>
                <line number="79" hits="9" branch="False" />
              </lines>
            </method>
            <method name="ToExitDTO" signature="(DarkKitchen.Domain.Entities.Promotion)" line-rate="1" branch-rate="1" complexity="1">
              <lines>
                <line number="82" hits="7" branch="False" />
                <line number="83" hits="7" branch="False" />
                <line number="84" hits="7" branch="False" />
                <line number="85" hits="7" branch="False" />
                <line number="86" hits="7" branch="False" />
                <line number="87" hits="7" branch="False" />
                <line number="88" hits="7" branch="False" />
                <line number="89" hits="7" branch="False" />
                <line number="90" hits="3" branch="False" />
                <line number="91" hits="7" branch="False" />
                <line number="92" hits="7" branch="False" />
              </lines>
            </method>
            <method name="ToExitDTO" signature="(DarkKitchen.Domain.Entities.Product)" line-rate="1" branch-rate="1" complexity="1">
              <lines>
                <line number="95" hits="2" branch="False" />
                <line number="96" hits="2" branch="False" />
                <line number="97" hits="2" branch="False" />
                <line number="98" hits="2" branch="False" />
                <line number="99" hits="2" branch="False" />
                <line number="100" hits="2" branch="False" />
                <line number="101" hits="2" branch="False" />
                <line number="102" hits="2" branch="False" />
                <line number="103" hits="2" branch="False" />
                <line number="104" hits="2" branch="False" />
                <line number="105" hits="2" branch="False" />
              </lines>
            </method>
            <method name=".ctor" signature="(DarkKitchen.IDataAccess.RepositoriesInterfaces.IPromotionRepository,DarkKitchen.IDataAccess.RepositoriesInterfaces.IProductRepository)" line-rate="1" branch-rate="1" complexity="1">
              <lines>
                <line number="10" hits="16" branch="False" />
              </lines>
            </method>
          </methods>
          <lines>
            <line number="14" hits="1" branch="False" />
            <line number="15" hits="1" branch="False" />
            <line number="17" hits="1" branch="False" />
            <line number="19" hits="1" branch="False" />
            <line number="20" hits="1" branch="False" />
            <line number="23" hits="2" branch="False" />
            <line number="24" hits="2" branch="True" condition-coverage="100% (2/2)">
              <conditions>
                <condition number="139" type="jump" coverage="100%" />
              </conditions>
            </line>
            <line number="25" hits="2" branch="False" />
            <line number="27" hits="1" branch="False" />
            <line number="29" hits="1" branch="False" />
            <line number="31" hits="1" branch="False" />
            <line number="32" hits="1" branch="False" />
            <line number="35" hits="3" branch="False" />
            <line number="36" hits="3" branch="True" condition-coverage="100% (2/2)">
              <conditions>
                <condition number="126" type="jump" coverage="100%" />
              </conditions>
            </line>
            <line number="37" hits="3" branch="False" />
            <line number="39" hits="2" branch="True" condition-coverage="100% (2/2)">
              <conditions>
                <condition number="298" type="jump" coverage="100%" />
              </conditions>
            </line>
            <line number="40" hits="2" branch="False" />
            <line number="42" hits="1" branch="False" />
            <line number="43" hits="1" branch="False" />
            <line number="44" hits="1" branch="False" />
            <line number="45" hits="1" branch="False" />
            <line number="48" hits="2" branch="False" />
            <line number="49" hits="2" branch="True" condition-coverage="100% (2/2)">
              <conditions>
                <condition number="126" type="jump" coverage="100%" />
              </conditions>
            </line>
            <line number="50" hits="2" branch="False" />
            <line number="52" hits="2" branch="True" condition-coverage="50% (1/2)">
              <conditions>
                <condition number="217" type="jump" coverage="50%" />
              </conditions>
            </line>
            <line number="53" hits="1" branch="False" />
            <line number="55" hits="1" branch="False" />
            <line number="56" hits="1" branch="False" />
            <line number="57" hits="1" branch="False" />
            <line number="58" hits="1" branch="False" />
            <line number="61" hits="8" branch="False" />
            <line number="62" hits="8" branch="True" condition-coverage="100% (2/2)">
              <conditions>
                <condition number="63" type="jump" coverage="100%" />
              </conditions>
            </line>
            <line number="63" hits="8" branch="True" condition-coverage="100% (4/4)">
              <conditions>
                <condition number="12" type="jump" coverage="100%" />
                <condition number="26" type="jump" coverage="100%" />
              </conditions>
            </line>
            <line number="64" hits="8" branch="False" />
            <line number="65" hits="8" branch="False" />
            <line number="66" hits="8" branch="False" />
            <line number="67" hits="8" branch="False" />
            <line number="68" hits="8" branch="False" />
            <line number="71" hits="8" branch="True" condition-coverage="75% (3/4)">
              <conditions>
                <condition number="7" type="jump" coverage="100%" />
                <condition number="27" type="jump" coverage="50%" />
              </conditions>
            </line>
            <line number="74" hits="9" branch="True" condition-coverage="100% (2/2)">
              <conditions>
                <condition number="24" type="jump" coverage="100%" />
              </conditions>
            </line>
            <line number="77" hits="6" branch="True" condition-coverage="100% (2/2)">
              <conditions>
                <condition number="24" type="jump" coverage="100%" />
              </conditions>
            </line>
            <line number="78" hits="9" branch="True" condition-coverage="100% (2/2)">
              <conditions>
                <condition number="17" type="jump" coverage="100%" />
              </conditions>
            </line>
            <line number="79" hits="9" branch="False" />
            <line number="82" hits="7" branch="False" />
            <line number="83" hits="7" branch="False" />
            <line number="84" hits="7" branch="False" />
            <line number="85" hits="7" branch="False" />
            <line number="86" hits="7" branch="False" />
            <line number="87" hits="7" branch="False" />
            <line number="88" hits="7" branch="False" />
            <line number="89" hits="7" branch="False" />
            <line number="90" hits="3" branch="False" />
            <line number="91" hits="7" branch="False" />
            <line number="92" hits="7" branch="False" />
            <line number="95" hits="2" branch="False" />
            <line number="96" hits="2" branch="False" />
            <line number="97" hits="2" branch="False" />
            <line number="98" hits="2" branch="False" />
            <line number="99" hits="2" branch="False" />
            <line number="100" hits="2" branch="False" />
            <line number="101" hits="2" branch="False" />
            <line number="102" hits="2" branch="False" />
            <line number="103" hits="2" branch="False" />
            <line number="104" hits="2" branch="False" />
            <line number="105" hits="2" branch="False" />
            <line number="10" hits="16" branch="False" />
          </lines>
        </class>
        <class name="DarkKitchen.BusinessLogic.Services.ReportService" filename="DarkKitchen.BusinessLogic\Services\ReportService.cs" line-rate="1" branch-rate="1" complexity="6">
          <methods>
            <method name="GetTopProducts" signature="(System.DateTime,System.DateTime)" line-rate="1" branch-rate="1" complexity="1">
              <lines>
                <line number="16" hits="6" branch="False" />
                <line number="17" hits="6" branch="False" />
                <line number="19" hits="6" branch="False" />
                <line number="20" hits="12" branch="False" />
                <line number="21" hits="13" branch="False" />
                <line number="22" hits="11" branch="False" />
                <line number="23" hits="11" branch="False" />
                <line number="24" hits="11" branch="False" />
                <line number="25" hits="11" branch="False" />
                <line number="26" hits="13" branch="False" />
                <line number="27" hits="11" branch="False" />
                <line number="28" hits="13" branch="False" />
                <line number="29" hits="13" branch="False" />
                <line number="30" hits="11" branch="False" />
                <line number="31" hits="11" branch="False" />
                <line number="32" hits="11" branch="False" />
                <line number="33" hits="11" branch="False" />
                <line number="34" hits="6" branch="False" />
                <line number="35" hits="6" branch="False" />
                <line number="36" hits="6" branch="False" />
              </lines>
            </method>
            <method name="GetSalesReport" signature="()" line-rate="1" branch-rate="1" complexity="4">
              <lines>
                <line number="39" hits="5" branch="False" />
                <line number="40" hits="5" branch="False" />
                <line number="41" hits="5" branch="False" />
                <line number="43" hits="5" branch="False" />
                <line number="44" hits="9" branch="False" />
                <line number="45" hits="6" branch="False" />
                <line number="46" hits="5" branch="False" />
                <line number="47" hits="6" branch="False" />
                <line number="48" hits="6" branch="True" condition-coverage="100% (2/2)">
                  <conditions>
                    <condition number="45" type="jump" coverage="100%" />
                  </conditions>
                </line>
                <line number="49" hits="9" branch="False" />
                <line number="50" hits="6" branch="False" />
                <line number="51" hits="9" branch="False" />
                <line number="52" hits="21" branch="False" />
                <line number="53" hits="9" branch="True" condition-coverage="100% (2/2)">
                  <conditions>
                    <condition number="39" type="jump" coverage="100%" />
                  </conditions>
                </line>
                <line number="54" hits="9" branch="False" />
                <line number="55" hits="9" branch="False" />
                <line number="56" hits="6" branch="False" />
                <line number="57" hits="9" branch="False" />
                <line number="58" hits="9" branch="False" />
                <line number="59" hits="9" branch="False" />
                <line number="60" hits="9" branch="False" />
                <line number="61" hits="9" branch="False" />
                <line number="62" hits="9" branch="False" />
                <line number="63" hits="9" branch="False" />
                <line number="64" hits="6" branch="False" />
                <line number="65" hits="5" branch="False" />
                <line number="66" hits="6" branch="False" />
                <line number="67" hits="6" branch="False" />
                <line number="68" hits="6" branch="False" />
                <line number="69" hits="6" branch="False" />
                <line number="70" hits="9" branch="False" />
                <line number="71" hits="6" branch="False" />
                <line number="72" hits="6" branch="False" />
                <line number="73" hits="5" branch="False" />
                <line number="75" hits="5" branch="False" />
                <line number="76" hits="5" branch="False" />
                <line number="77" hits="5" branch="False" />
                <line number="78" hits="6" branch="False" />
                <line number="79" hits="5" branch="False" />
                <line number="80" hits="5" branch="False" />
              </lines>
            </method>
            <method name=".ctor" signature="(DarkKitchen.IDataAccess.RepositoriesInterfaces.IOrderRepository,DarkKitchen.IDataAccess.RepositoriesInterfaces.IRepository`1&lt;DarkKitchen.Domain.Entities.User&gt;)" line-rate="1" branch-rate="1" complexity="1">
              <lines>
                <line number="9" hits="11" branch="False" />
                <line number="10" hits="11" branch="False" />
                <line number="11" hits="11" branch="False" />
              </lines>
            </method>
          </methods>
          <lines>
            <line number="16" hits="6" branch="False" />
            <line number="17" hits="6" branch="False" />
            <line number="19" hits="6" branch="False" />
            <line number="20" hits="12" branch="False" />
            <line number="21" hits="13" branch="False" />
            <line number="22" hits="11" branch="False" />
            <line number="23" hits="11" branch="False" />
            <line number="24" hits="11" branch="False" />
            <line number="25" hits="11" branch="False" />
            <line number="26" hits="13" branch="False" />
            <line number="27" hits="11" branch="False" />
            <line number="28" hits="13" branch="False" />
            <line number="29" hits="13" branch="False" />
            <line number="30" hits="11" branch="False" />
            <line number="31" hits="11" branch="False" />
            <line number="32" hits="11" branch="False" />
            <line number="33" hits="11" branch="False" />
            <line number="34" hits="6" branch="False" />
            <line number="35" hits="6" branch="False" />
            <line number="36" hits="6" branch="False" />
            <line number="39" hits="5" branch="False" />
            <line number="40" hits="5" branch="False" />
            <line number="41" hits="5" branch="False" />
            <line number="43" hits="5" branch="False" />
            <line number="44" hits="9" branch="False" />
            <line number="45" hits="6" branch="False" />
            <line number="46" hits="5" branch="False" />
            <line number="47" hits="6" branch="False" />
            <line number="48" hits="6" branch="True" condition-coverage="100% (2/2)">
              <conditions>
                <condition number="45" type="jump" coverage="100%" />
              </conditions>
            </line>
            <line number="49" hits="9" branch="False" />
            <line number="50" hits="6" branch="False" />
            <line number="51" hits="9" branch="False" />
            <line number="52" hits="21" branch="False" />
            <line number="53" hits="9" branch="True" condition-coverage="100% (2/2)">
              <conditions>
                <condition number="39" type="jump" coverage="100%" />
              </conditions>
            </line>
            <line number="54" hits="9" branch="False" />
            <line number="55" hits="9" branch="False" />
            <line number="56" hits="6" branch="False" />
            <line number="57" hits="9" branch="False" />
            <line number="58" hits="9" branch="False" />
            <line number="59" hits="9" branch="False" />
            <line number="60" hits="9" branch="False" />
            <line number="61" hits="9" branch="False" />
            <line number="62" hits="9" branch="False" />
            <line number="63" hits="9" branch="False" />
            <line number="64" hits="6" branch="False" />
            <line number="65" hits="5" branch="False" />
            <line number="66" hits="6" branch="False" />
            <line number="67" hits="6" branch="False" />
            <line number="68" hits="6" branch="False" />
            <line number="69" hits="6" branch="False" />
            <line number="70" hits="9" branch="False" />
            <line number="71" hits="6" branch="False" />
            <line number="72" hits="6" branch="False" />
            <line number="73" hits="5" branch="False" />
            <line number="75" hits="5" branch="False" />
            <line number="76" hits="5" branch="False" />
            <line number="77" hits="5" branch="False" />
            <line number="78" hits="6" branch="False" />
            <line number="79" hits="5" branch="False" />
            <line number="80" hits="5" branch="False" />
            <line number="9" hits="11" branch="False" />
            <line number="10" hits="11" branch="False" />
            <line number="11" hits="11" branch="False" />
          </lines>
        </class>
        <class name="DarkKitchen.BusinessLogic.Services.UserService" filename="DarkKitchen.BusinessLogic\Services\UserService.cs" line-rate="0.9887999999999999" branch-rate="1" complexity="29">
          <methods>
            <method name="RegisterClient" signature="(DarkKitchen.IBusinessLogic.DTOs.Entry.UserDTOs.RegisterClientEntryDto)" line-rate="1" branch-rate="1" complexity="1">
              <lines>
                <line number="14" hits="13" branch="False" />
                <line number="15" hits="13" branch="False" />
                <line number="16" hits="12" branch="False" />
                <line number="18" hits="11" branch="False" />
                <line number="20" hits="1" branch="False" />
                <line number="22" hits="1" branch="False" />
                <line number="23" hits="1" branch="False" />
              </lines>
            </method>
            <method name="CreateUser" signature="(DarkKitchen.IBusinessLogic.DTOs.Entry.UserDTOs.CreateUserEntryDto)" line-rate="1" branch-rate="1" complexity="1">
              <lines>
                <line number="26" hits="7" branch="False" />
                <line number="27" hits="7" branch="False" />
                <line number="28" hits="6" branch="False" />
                <line number="30" hits="5" branch="False" />
                <line number="32" hits="3" branch="False" />
                <line number="33" hits="3" branch="False" />
                <line number="35" hits="3" branch="False" />
                <line number="37" hits="3" branch="False" />
                <line number="38" hits="3" branch="False" />
              </lines>
            </method>
            <method name="ParseInternalRole" signature="(System.String)" line-rate="1" branch-rate="1" complexity="4">
              <lines>
                <line number="41" hits="5" branch="False" />
                <line number="42" hits="5" branch="True" condition-coverage="100% (4/4)">
                  <conditions>
                    <condition number="9" type="jump" coverage="100%" />
[...]
          <methods>
            <method name="get_FirstName" signature="()" line-rate="1" branch-rate="1" complexity="1">
              <lines>
                <line number="4" hits="11" branch="False" />
              </lines>
            </method>
            <method name="get_LastName" signature="()" line-rate="1" branch-rate="1" complexity="1">
              <lines>
                <line number="5" hits="11" branch="False" />
              </lines>
            </method>
            <method name="get_Email" signature="()" line-rate="1" branch-rate="1" complexity="1">
              <lines>
                <line number="6" hits="23" branch="False" />
              </lines>
            </method>
            <method name="get_Phone" signature="()" line-rate="1" branch-rate="1" complexity="1">
              <lines>
                <line number="7" hits="24" branch="False" />
              </lines>
            </method>
            <method name="get_Password" signature="()" line-rate="1" branch-rate="1" complexity="1">
              <lines>
                <line number="8" hits="11" branch="False" />
              </lines>
            </method>
            <method name=".ctor" signature="(System.String,System.String,System.String,System.String,System.String)" line-rate="1" branch-rate="1" complexity="1">
              <lines>
                <line number="3" hits="13" branch="False" />
                <line number="9" hits="13" branch="False" />
              </lines>
            </method>
          </methods>
          <lines>
            <line number="4" hits="11" branch="False" />
            <line number="5" hits="11" branch="False" />
            <line number="6" hits="23" branch="False" />
            <line number="7" hits="24" branch="False" />
            <line number="8" hits="11" branch="False" />
            <line number="3" hits="13" branch="False" />
            <line number="9" hits="13" branch="False" />
          </lines>
        </class>
        <class name="DarkKitchen.IBusinessLogic.DTOs.Entry.UserDTOs.UpdateUserEntryDto" filename="DarkKitchen.IBusinessLogic\DTOs\Entry\UserDTOs\UpdateUserEntryDto.cs" line-rate="1" branch-rate="1" complexity="6">
          <methods>
            <method name="get_FirstName" signature="()" line-rate="1" branch-rate="1" complexity="1">
              <lines>
                <line number="4" hits="3" branch="False" />
              </lines>
            </method>
            <method name="get_LastName" signature="()" line-rate="1" branch-rate="1" complexity="1">
              <lines>
                <line number="5" hits="3" branch="False" />
              </lines>
            </method>
            <method name="get_Email" signature="()" line-rate="1" branch-rate="1" complexity="1">
              <lines>
                <line number="6" hits="8" branch="False" />
              </lines>
            </method>
            <method name="get_Phone" signature="()" line-rate="1" branch-rate="1" complexity="1">
              <lines>
                <line number="7" hits="8" branch="False" />
              </lines>
            </method>
            <method name="get_Password" signature="()" line-rate="1" branch-rate="1" complexity="1">
              <lines>
                <line number="8" hits="3" branch="False" />
              </lines>
            </method>
            <method name=".ctor" signature="(System.String,System.String,System.String,System.String,System.String)" line-rate="1" branch-rate="1" complexity="1">
              <lines>
                <line number="3" hits="7" branch="False" />
                <line number="9" hits="7" branch="False" />
              </lines>
            </method>
          </methods>
          <lines>
            <line number="4" hits="3" branch="False" />
            <line number="5" hits="3" branch="False" />
            <line number="6" hits="8" branch="False" />
            <line number="7" hits="8" branch="False" />
            <line number="8" hits="3" branch="False" />
            <line number="3" hits="7" branch="False" />
            <line number="9" hits="7" branch="False" />
          </lines>
        </class>
        <class name="DarkKitchen.IBusinessLogic.DTOs.Entry.PromotionDTOs.CreatePromotionEntryDto" filename="DarkKitchen.IBusinessLogic\DTOs\Entry\PromotionDTOs\CreatePromotionEntryDto.cs" line-rate="1" branch-rate="1" complexity="5">
          <methods>
            <method name="get_Name" signature="()" line-rate="1" branch-rate="1" complexity="1">
              <lines>
                <line number="4" hits="1" branch="False" />
              </lines>
            </method>
            <method name="get_Discount" signature="()" line-rate="1" branch-rate="1" complexity="1">
              <lines>
                <line number="5" hits="1" branch="False" />
              </lines>
            </method>
            <method name="get_DateFrom" signature="()" line-rate="1" branch-rate="1" complexity="1">
              <lines>
                <line number="6" hits="1" branch="False" />
              </lines>
            </method>
            <method name="get_DateTo" signature="()" line-rate="1" branch-rate="1" complexity="1">
              <lines>
                <line number="7" hits="1" branch="False" />
              </lines>
            </method>
            <method name=".ctor" signature="(System.String,System.Decimal,System.DateOnly,System.DateOnly)" line-rate="1" branch-rate="1" complexity="1">
              <lines>
                <line number="3" hits="1" branch="False" />
                <line number="8" hits="1" branch="False" />
              </lines>
            </method>
          </methods>
          <lines>
            <line number="4" hits="1" branch="False" />
            <line number="5" hits="1" branch="False" />
            <line number="6" hits="1" branch="False" />
            <line number="7" hits="1" branch="False" />
            <line number="3" hits="1" branch="False" />
            <line number="8" hits="1" branch="False" />
          </lines>
        </class>
        <class name="DarkKitchen.IBusinessLogic.DTOs.Entry.PromotionDTOs.UpdatePromotionEntryDto" filename="DarkKitchen.IBusinessLogic\DTOs\Entry\PromotionDTOs\UpdatePromotionEntryDto.cs" line-rate="1" branch-rate="1" complexity="6">
          <methods>
            <method name="get_Id" signature="()" line-rate="1" branch-rate="1" complexity="1">
              <lines>
                <line number="4" hits="1" branch="False" />
              </lines>
            </method>
            <method name="get_Name" signature="()" line-rate="1" branch-rate="1" complexity="1">
              <lines>
                <line number="5" hits="1" branch="False" />
              </lines>
            </method>
            <method name="get_Discount" signature="()" line-rate="1" branch-rate="1" complexity="1">
              <lines>
                <line number="6" hits="1" branch="False" />
              </lines>
            </method>
            <method name="get_DateFrom" signature="()" line-rate="1" branch-rate="1" complexity="1">
              <lines>
                <line number="7" hits="1" branch="False" />
              </lines>
            </method>
            <method name="get_DateTo" signature="()" line-rate="1" branch-rate="1" complexity="1">
              <lines>
                <line number="8" hits="1" branch="False" />
              </lines>
            </method>
            <method name=".ctor" signature="(System.Int32,System.String,System.Int32,System.DateOnly,System.DateOnly)" line-rate="1" branch-rate="1" complexity="1">
              <lines>
                <line number="3" hits="2" branch="False" />
                <line number="9" hits="2" branch="False" />
              </lines>
            </method>
          </methods>
          <lines>
            <line number="4" hits="1" branch="False" />
            <line number="5" hits="1" branch="False" />
            <line number="6" hits="1" branch="False" />
            <line number="7" hits="1" branch="False" />
            <line number="8" hits="1" branch="False" />
            <line number="3" hits="2" branch="False" />
            <line number="9" hits="2" branch="False" />
          </lines>
        </class>
        <class name="DarkKitchen.IBusinessLogic.DTOs.Entry.ProductDTOs.ProductEntryDto" filename="DarkKitchen.IBusinessLogic\DTOs\Entry\ProductDTOs\ProductEntryDto.cs" line-rate="1" branch-rate="1" complexity="8">
          <methods>
            <method name="get_Name" signature="()" line-rate="1" branch-rate="1" complexity="1">
              <lines>
                <line number="4" hits="2" branch="False" />
              </lines>
            </method>
            <method name="get_Price" signature="()" line-rate="1" branch-rate="1" complexity="1">
              <lines>
                <line number="5" hits="2" branch="False" />
              </lines>
            </method>
            <method name="get_Description" signature="()" line-rate="1" branch-rate="1" complexity="1">
              <lines>
                <line number="6" hits="2" branch="False" />
              </lines>
            </method>
            <method name="get_Line" signature="()" line-rate="1" branch-rate="1" complexity="1">
              <lines>
                <line number="7" hits="2" branch="False" />
              </lines>
            </method>
            <method name="get_Category" signature="()" line-rate="1" branch-rate="1" complexity="1">
              <lines>
                <line number="8" hits="2" branch="False" />
              </lines>
            </method>
            <method name="get_Images" signature="()" line-rate="1" branch-rate="1" complexity="1">
              <lines>
                <line number="9" hits="2" branch="False" />
              </lines>
            </method>
            <method name="get_Active" signature="()" line-rate="1" branch-rate="1" complexity="1">
              <lines>
                <line number="10" hits="2" branch="False" />
              </lines>
            </method>
            <method name=".ctor" signature="(System.String,System.Decimal,System.String,System.String,System.String,System.String,System.Boolean)" line-rate="1" branch-rate="1" complexity="1">
              <lines>
                <line number="3" hits="3" branch="False" />
                <line number="11" hits="3" branch="False" />
              </lines>
            </method>
          </methods>
          <lines>
            <line number="4" hits="2" branch="False" />
            <line number="5" hits="2" branch="False" />
            <line number="6" hits="2" branch="False" />
            <line number="7" hits="2" branch="False" />
            <line number="8" hits="2" branch="False" />
            <line number="9" hits="2" branch="False" />
            <line number="10" hits="2" branch="False" />
            <line number="3" hits="3" branch="False" />
            <line number="11" hits="3" branch="False" />
          </lines>
        </class>
        <class name="DarkKitchen.IBusinessLogic.DTOs.Entry.OrderDTOs.CreateOrderEntryDto" filename="DarkKitchen.IBusinessLogic\DTOs\Entry\OrderDTOs\CreateOrderEntryDto.cs" line-rate="1" branch-rate="1" complexity="7">
          <methods>
            <method name="get_ClientId" signature="()" line-rate="1" branch-rate="1" complexity="1">
              <lines>
                <line number="4" hits="11" branch="False" />
              </lines>
            </method>
            <method name="get_DeliveryType" signature="()" line-rate="1" branch-rate="1" complexity="1">
              <lines>
                <line number="5" hits="5" branch="False" />
              </lines>
            </method>
            <method name="get_Street" signature="()" line-rate="1" branch-rate="1" complexity="1">
              <lines>
                <line number="6" hits="4" branch="False" />
              </lines>
            </method>
            <method name="get_DoorNumber" signature="()" line-rate="1" branch-rate="1" complexity="1">
              <lines>
                <line number="7" hits="4" branch="False" />
              </lines>
            </method>
            <method name="get_Apartment" signature="()" line-rate="1" branch-rate="1" complexity="1">
              <lines>
                <line number="8" hits="4" branch="False" />
              </lines>
            </method>
            <method name="get_Products" signature="()" line-rate="1" branch-rate="1" complexity="1">
              <lines>
                <line number="9" hits="11" branch="False" />
              </lines>
            </method>
            <method name=".ctor" signature="(System.Int32,System.String,System.String,System.String,System.String,System.Collections.Generic.List`1&lt;DarkKitchen.IBusinessLogic.DTOs.Entry.OrderDTOs.OrderProductEntryDto&gt;)" line-rate="1" branch-rate="1" complexity="1">
              <lines>
                <line number="3" hits="7" branch="False" />
                <line number="10" hits="7" branch="False" />
              </lines>
            </method>
          </methods>
          <lines>
            <line number="4" hits="11" branch="False" />
            <line number="5" hits="5" branch="False" />
            <line number="6" hits="4" branch="False" />
            <line number="7" hits="4" branch="False" />
            <line number="8" hits="4" branch="False" />
            <line number="9" hits="11" branch="False" />
            <line number="3" hits="7" branch="False" />
            <line number="10" hits="7" branch="False" />
          </lines>
        </class>
        <class name="DarkKitchen.IBusinessLogic.DTOs.Entry.OrderDTOs.OrderProductEntryDto" filename="DarkKitchen.IBusinessLogic\DTOs\Entry\OrderDTOs\OrderProductEntryDto.cs" line-rate="1" branch-rate="1" complexity="1">
          <methods>
            <method name="get_Code" signature="()" line-rate="1" branch-rate="1" complexity="1">
              <lines>
                <line number="3" hits="28" branch="False" />
              </lines>
            </method>
          </methods>
          <lines>
            <line number="3" hits="28" branch="False" />
          </lines>
        </class>
        <class name="DarkKitchen.IBusinessLogic.DTOs.Entry.OrderDTOs.UpdateOrderStatusEntryDto" filename="DarkKitchen.IBusinessLogic\DTOs\Entry\OrderDTOs\UpdateOrderStatusEntryDto.cs" line-rate="1" branch-rate="1" complexity="2">
          <methods>
            <method name="get_Action" signature="()" line-rate="1" branch-rate="1" complexity="1">
              <lines>
                <line number="4" hits="5" branch="False" />
              </lines>
            </method>
            <method name=".ctor" signature="(System.String)" line-rate="1" branch-rate="1" complexity="1">
              <lines>
                <line number="3" hits="3" branch="False" />
              </lines>
            </method>
          </methods>
          <lines>
            <line number="4" hits="5" branch="False" />
            <line number="3" hits="3" branch="False" />
          </lines>
        </class>
      </classes>
    </package>
    <package name="DarkKitchen.IDataAccess" line-rate="1" branch-rate="1" complexity="0">
      <classes />
    </package>
    <package name="DarkKitchen.ServiceFactory" line-rate="0" branch-rate="1" complexity="3">
      <classes>
        <class name="DarkKitchen.ServiceFactory.ServiceFactoryInfo" filename="DarkKitchen.ServiceFactory\ServiceFactoryInfo.cs" line-rate="0" branch-rate="1" complexity="1">
          <methods>
            <method name="GetAssemblyName" signature="()" line-rate="0" branch-rate="1" complexity="1">
              <lines>
                <line number="6" hits="0" branch="False" />
                <line number="7" hits="0" branch="False" />
                <line number="8" hits="0" branch="False" />
              </lines>
            </method>
          </methods>
          <lines>
            <line number="6" hits="0" branch="False" />
            <line number="7" hits="0" branch="False" />
            <line number="8" hits="0" branch="False" />
          </lines>
        </class>
        <class name="DarkKitchen.ServiceFactory.ServiceRegistration" filename="DarkKitchen.ServiceFactory\ServiceRegistration.cs" line-rate="0" branch-rate="1" complexity="2">
          <methods>
            <method name="AddBusinessLogic" signature="(Microsoft.Extensions.DependencyInjection.IServiceCollection)" line-rate="0" branch-rate="1" complexity="1">
              <lines>
                <line number="21" hits="0" branch="False" />
                <line number="22" hits="0" branch="False" />
                <line number="23" hits="0" branch="False" />
                <line number="24" hits="0" branch="False" />
                <line number="25" hits="0" branch="False" />
                <line number="26" hits="0" branch="False" />
                <line number="27" hits="0" branch="False" />
                <line number="29" hits="0" branch="False" />
                <line number="30" hits="0" branch="False" />
                <line number="31" hits="0" branch="False" />
                <line number="33" hits="0" branch="False" />
                <line number="34" hits="0" branch="False" />
                <line number="35" hits="0" branch="False" />
                <line number="36" hits="0" branch="False" />
              </lines>
            </method>
            <method name="AddDataAccess" signature="(Microsoft.Extensions.DependencyInjection.IServiceCollection,System.String)" line-rate="0" branch-rate="1" complexity="1">
              <lines>
                <line number="39" hits="0" branch="False" />
                <line number="40" hits="0" branch="False" />
                <line number="41" hits="0" branch="False" />
                <line number="43" hits="0" branch="False" />
                <line number="45" hits="0" branch="False" />
                <line number="46" hits="0" branch="False" />
                <line number="47" hits="0" branch="False" />
                <line number="48" hits="0" branch="False" />
                <line number="49" hits="0" branch="False" />
                <line number="50" hits="0" branch="False" />
              </lines>
            </method>
          </methods>
          <lines>
            <line number="21" hits="0" branch="False" />
            <line number="22" hits="0" branch="False" />
            <line number="23" hits="0" branch="False" />
            <line number="24" hits="0" branch="False" />
            <line number="25" hits="0" branch="False" />
            <line number="26" hits="0" branch="False" />
            <line number="27" hits="0" branch="False" />
            <line number="29" hits="0" branch="False" />
            <line number="30" hits="0" branch="False" />
            <line number="31" hits="0" branch="False" />
            <line number="33" hits="0" branch="False" />
            <line number="34" hits="0" branch="False" />
            <line number="35" hits="0" branch="False" />
            <line number="36" hits="0" branch="False" />
            <line number="39" hits="0" branch="False" />
            <line number="40" hits="0" branch="False" />
            <line number="41" hits="0" branch="False" />
            <line number="43" hits="0" branch="False" />
            <line number="45" hits="0" branch="False" />
            <line number="46" hits="0" branch="False" />
            <line number="47" hits="0" branch="False" />
            <line number="48" hits="0" branch="False" />
            <line number="49" hits="0" branch="False" />
            <line number="50" hits="0" branch="False" />
          </lines>
        </class>
      </classes>
    </package>
  </packages>
</coverage>